<?xml version="1.0" encoding="UTF-8"?>
<!-- Generated by org.testng.reporters.JUnitReportReporter -->
<testsuite name="GitHub.githubproject.TC1" tests="1" time="27.601" ignored="0" failures="0" timestamp="06 Feb 2021 04:55:50 GMT" skipped="0" hostname="LAPTOP-V9PPPIE4" errors="0">
  <testcase name="trending" time="27.601" classname="GitHub.githubproject.TC1"/>
</testsuite> <!-- GitHub.githubproject.TC1 -->
